This is XeTeX, Version 3.141592653-2.6-0.999997 (MiKTeX 25.12) (preloaded format=xelatex 2026.6.11)  21 JUN 2026 12:38
entering extended mode
 restricted \write18 enabled.
 %&-line parsing enabled.
**./main.tex
(main.tex
LaTeX2e <2025-11-01>
L3 programming layer <2025-12-24>
(D:\Software\MiKTeX\tex/latex/base\report.cls
Document Class: report 2025/01/22 v1.4n Standard LaTeX document class
(D:\Software\MiKTeX\tex/latex/base\size12.clo
File: size12.clo 2025/01/22 v1.4n Standard LaTeX file (size option)
)
\c@part=\count271
\c@chapter=\count272
\c@section=\count273
\c@subsection=\count274
\c@subsubsection=\count275
\c@paragraph=\count276
\c@subparagraph=\count277
\c@figure=\count278
\c@table=\count279
\abovecaptionskip=\skip49
\belowcaptionskip=\skip50
\bibindent=\dimen148
)
(D:\Software\MiKTeX\tex/latex/fontspec\fontspec.sty
(D:\Software\MiKTeX\tex/latex/l3packages/xparse\xparse.sty
(D:\Software\MiKTeX\tex/latex/l3kernel\expl3.sty
Package: expl3 2025-12-24 L3 programming layer (loader) 

(D:\Software\MiKTeX\tex/latex/l3backend\l3backend-xetex.def
File: l3backend-xetex.def 2025-10-09 L3 backend support: XeTeX
\g__graphics_track_int=\count280
\g__pdfannot_backend_int=\count281
\g__pdfannot_backend_link_int=\count282
))
Package: xparse 2025-10-09 L3 Experimental document command parser
)
Package: fontspec 2025/09/29 v2.9g Font selection for XeLaTeX and LuaLaTeX

(D:\Software\MiKTeX\tex/latex/fontspec\fontspec-xetex.sty
Package: fontspec-xetex 2025/09/29 v2.9g Font selection for XeLaTeX and LuaLaTe
X
\l__fontspec_script_int=\count283
\l__fontspec_language_int=\count284
\l__fontspec_strnum_int=\count285
\l__fontspec_tmp_int=\count286
\l__fontspec_tmpa_int=\count287
\l__fontspec_tmpb_int=\count288
\l__fontspec_tmpc_int=\count289
\l__fontspec_em_int=\count290
\l__fontspec_emdef_int=\count291
\l__fontspec_strong_int=\count292
\l__fontspec_strongdef_int=\count293
\l__fontspec_tmpa_dim=\dimen149
\l__fontspec_tmpb_dim=\dimen150
\l__fontspec_tmpc_dim=\dimen151

(D:\Software\MiKTeX\tex/latex/base\fontenc.sty
Package: fontenc 2025/07/18 v2.1d Standard LaTeX package
)
(D:\Software\MiKTeX\tex/latex/fontspec\fontspec.cfg)))
(D:\Software\MiKTeX\tex/latex/polyglossia\polyglossia.sty
Package: polyglossia 2026/04/18 v2.10 Modern multilingual typesetting with XeLa
TeX and LuaLaTeX

(D:\Software\MiKTeX\tex/latex/etoolbox\etoolbox.sty
Package: etoolbox 2025/10/02 v2.5m e-TeX tools for LaTeX (JAW)
\etb@tempcnta=\count294
)
(D:\Software\MiKTeX\tex/generic/iftex\iftex.sty
Package: iftex 2024/12/12 v1.0g TeX engine tests
)
\l_xpg_alias_keyvals_int=\count295

(D:\Software\MiKTeX\tex/latex/polyglossia\gloss-latex.ldf
File: gloss-latex.ldf polyglossia: module for default language
))
(D:\Software\MiKTeX\tex/latex/polyglossia\gloss-vietnamese.ldf
File: gloss-vietnamese.ldf polyglossia: module for Vietnamese
)

Package polyglossia Info: Default language is vietnamese


Package fontspec Info: 
(fontspec)             Font family 'TeXGyreTermes(0)' created for font 'TeX
(fontspec)             Gyre Termes' with options [Ligatures=TeX].
(fontspec)              
(fontspec)              This font family consists of the following NFSS
(fontspec)             series/shapes:
(fontspec)              
(fontspec)             - 'normal' (m/n) with NFSS spec.: <->"TeX Gyre
(fontspec)             Termes/OT:script=latn;language=dflt;mapping=tex-text;"
(fontspec)             - 'small caps'  (m/sc) with NFSS spec.: <->"TeX Gyre
(fontspec)             Termes/OT:script=latn;language=dflt;+smcp;mapping=tex-te
xt;"
(fontspec)             - 'bold' (b/n) with NFSS spec.: <->"TeX Gyre
(fontspec)             Termes/B/OT:script=latn;language=dflt;mapping=tex-text;"

(fontspec)             - 'bold small caps'  (b/sc) with NFSS spec.: <->"TeX
(fontspec)             Gyre
(fontspec)             Termes/B/OT:script=latn;language=dflt;+smcp;mapping=tex-
text;"
(fontspec)             - 'italic' (m/it) with NFSS spec.: <->"TeX Gyre
(fontspec)             Termes/I/OT:script=latn;language=dflt;mapping=tex-text;"

(fontspec)             - 'italic small caps'  (m/scit) with NFSS spec.:
(fontspec)             <->"TeX Gyre
(fontspec)             Termes/I/OT:script=latn;language=dflt;+smcp;mapping=tex-
text;"
(fontspec)             - 'bold italic' (b/it) with NFSS spec.: <->"TeX Gyre
(fontspec)             Termes/BI/OT:script=latn;language=dflt;mapping=tex-text;
"
(fontspec)             - 'bold italic small caps'  (b/scit) with NFSS spec.:
(fontspec)             <->"TeX Gyre
(fontspec)             Termes/BI/OT:script=latn;language=dflt;+smcp;mapping=tex
-text;"


Package fontspec Info: 
(fontspec)             Font family 'Arial(0)' created for font 'Arial' with
(fontspec)             options [Ligatures=TeX].
(fontspec)              
(fontspec)              This font family consists of the following NFSS
(fontspec)             series/shapes:
(fontspec)              
(fontspec)             - 'normal' (m/n) with NFSS spec.:
(fontspec)             <->"Arial/OT:script=latn;language=dflt;mapping=tex-text;
"
(fontspec)             - 'small caps'  (m/sc) with NFSS spec.:
(fontspec)             <->"Arial/OT:script=latn;language=dflt;+smcp;mapping=tex
-text;"
(fontspec)             - 'bold' (b/n) with NFSS spec.:
(fontspec)             <->"Arial/B/OT:script=latn;language=dflt;mapping=tex-tex
t;"
(fontspec)             - 'bold small caps'  (b/sc) with NFSS spec.:
(fontspec)             <->"Arial/B/OT:script=latn;language=dflt;+smcp;mapping=t
ex-text;"
(fontspec)             - 'italic' (m/it) with NFSS spec.:
(fontspec)             <->"Arial/I/OT:script=latn;language=dflt;mapping=tex-tex
t;"
(fontspec)             - 'italic small caps'  (m/scit) with NFSS spec.:
(fontspec)             <->"Arial/I/OT:script=latn;language=dflt;+smcp;mapping=t
ex-text;"
(fontspec)             - 'bold italic' (b/it) with NFSS spec.:
(fontspec)             <->"Arial/BI/OT:script=latn;language=dflt;mapping=tex-te
xt;"
(fontspec)             - 'bold italic small caps'  (b/scit) with NFSS spec.:
(fontspec)             <->"Arial/BI/OT:script=latn;language=dflt;+smcp;mapping=
tex-text;"


Package fontspec Info: 
(fontspec)             TeX Gyre Cursor scale = 0.9.


Package fontspec Info: 
(fontspec)             TeX Gyre Cursor scale = 0.9.


Package fontspec Info: 
(fontspec)             TeX Gyre Cursor scale = 0.9.


Package fontspec Info: 
(fontspec)             TeX Gyre Cursor/B scale = 0.9.


Package fontspec Info: 
(fontspec)             TeX Gyre Cursor/B scale = 0.9.


Package fontspec Info: 
(fontspec)             TeX Gyre Cursor/I scale = 0.9.


Package fontspec Info: 
(fontspec)             TeX Gyre Cursor/I scale = 0.9.


Package fontspec Info: 
(fontspec)             TeX Gyre Cursor/BI scale = 0.9.


Package fontspec Info: 
(fontspec)             TeX Gyre Cursor/BI scale = 0.9.


Package fontspec Info: 
(fontspec)             Font family 'TeXGyreCursor(0)' created for font 'TeX
(fontspec)             Gyre Cursor' with options
(fontspec)             [WordSpace={1,0,0},HyphenChar=None,PunctuationSpace=Word
Space,Scale=0.9].
(fontspec)              
(fontspec)              This font family consists of the following NFSS
(fontspec)             series/shapes:
(fontspec)              
(fontspec)             - 'normal' (m/n) with NFSS spec.: <->s*[0.9]"TeX Gyre
(fontspec)             Cursor/OT:script=latn;language=dflt;"
(fontspec)             - 'small caps'  (m/sc) with NFSS spec.: <->s*[0.9]"TeX
(fontspec)             Gyre Cursor/OT:script=latn;language=dflt;+smcp;"
(fontspec)             and font adjustment code:
(fontspec)             \fontdimen 2\font =1\fontdimen 2\font \fontdimen 3\font
(fontspec)             =0\fontdimen 3\font \fontdimen 4\font =0\fontdimen
(fontspec)             4\font \fontdimen 7\font =0\fontdimen 2\font
(fontspec)             \tex_hyphenchar:D \font =-1\scan_stop: 
(fontspec)             - 'bold' (b/n) with NFSS spec.: <->s*[0.9]"TeX Gyre
(fontspec)             Cursor/B/OT:script=latn;language=dflt;"
(fontspec)             - 'bold small caps'  (b/sc) with NFSS spec.:
(fontspec)             <->s*[0.9]"TeX Gyre
(fontspec)             Cursor/B/OT:script=latn;language=dflt;+smcp;"
(fontspec)             and font adjustment code:
(fontspec)             \fontdimen 2\font =1\fontdimen 2\font \fontdimen 3\font
(fontspec)             =0\fontdimen 3\font \fontdimen 4\font =0\fontdimen
(fontspec)             4\font \fontdimen 7\font =0\fontdimen 2\font
(fontspec)             \tex_hyphenchar:D \font =-1\scan_stop: 
(fontspec)             - 'italic' (m/it) with NFSS spec.: <->s*[0.9]"TeX Gyre
(fontspec)             Cursor/I/OT:script=latn;language=dflt;"
(fontspec)             - 'italic small caps'  (m/scit) with NFSS spec.:
(fontspec)             <->s*[0.9]"TeX Gyre
(fontspec)             Cursor/I/OT:script=latn;language=dflt;+smcp;"
(fontspec)             and font adjustment code:
(fontspec)             \fontdimen 2\font =1\fontdimen 2\font \fontdimen 3\font
(fontspec)             =0\fontdimen 3\font \fontdimen 4\font =0\fontdimen
(fontspec)             4\font \fontdimen 7\font =0\fontdimen 2\font
(fontspec)             \tex_hyphenchar:D \font =-1\scan_stop: 
(fontspec)             - 'bold italic' (b/it) with NFSS spec.: <->s*[0.9]"TeX
(fontspec)             Gyre Cursor/BI/OT:script=latn;language=dflt;"
(fontspec)             - 'bold italic small caps'  (b/scit) with NFSS spec.:
(fontspec)             <->s*[0.9]"TeX Gyre
(fontspec)             Cursor/BI/OT:script=latn;language=dflt;+smcp;"
(fontspec)             and font adjustment code:
(fontspec)             \fontdimen 2\font =1\fontdimen 2\font \fontdimen 3\font
(fontspec)             =0\fontdimen 3\font \fontdimen 4\font =0\fontdimen
(fontspec)             4\font \fontdimen 7\font =0\fontdimen 2\font
(fontspec)             \tex_hyphenchar:D \font =-1\scan_stop: 


(D:\Software\MiKTeX\tex/latex/geometry\geometry.sty
Package: geometry 2026/03/07 v6.0 Page Geometry

(D:\Software\MiKTeX\tex/latex/graphics\keyval.sty
Package: keyval 2022/05/29 v1.15 key=value parser (DPC)
\KV@toks@=\toks17
)
(D:\Software\MiKTeX\tex/generic/iftex\ifvtex.sty
Package: ifvtex 2019/10/25 v1.7 ifvtex legacy package. Use iftex instead.
)
\Gm@cnth=\count296
\Gm@cntv=\count297
\c@Gm@tempcnt=\count298
\Gm@bindingoffset=\dimen152
\Gm@wd@mp=\dimen153
\Gm@odd@mp=\dimen154
\Gm@even@mp=\dimen155
\Gm@layoutwidth=\dimen156
\Gm@layoutheight=\dimen157
\Gm@layouthoffset=\dimen158
\Gm@layoutvoffset=\dimen159
\Gm@dimlist=\toks18

(D:\Software\MiKTeX\tex/latex/geometry\geometry.cfg))
(D:\Software\MiKTeX\tex/latex/setspace\setspace.sty
Package: setspace 2022/12/04 v6.7b set line spacing
)
(D:\Software\MiKTeX\tex/latex/tools\indentfirst.sty
Package: indentfirst 2023/07/02 v1.03 Indent first paragraph (DPC)
)
(D:\Software\MiKTeX\tex/latex/fancyhdr\fancyhdr.sty
Package: fancyhdr 2025/02/07 v5.2 Extensive control of page headers and footers

\f@nch@headwidth=\skip51
\f@nch@offset@elh=\skip52
\f@nch@offset@erh=\skip53
\f@nch@offset@olh=\skip54
\f@nch@offset@orh=\skip55
\f@nch@offset@elf=\skip56
\f@nch@offset@erf=\skip57
\f@nch@offset@olf=\skip58
\f@nch@offset@orf=\skip59
\f@nch@height=\skip60
\f@nch@footalignment=\skip61
\f@nch@widthL=\skip62
\f@nch@widthC=\skip63
\f@nch@widthR=\skip64
\@temptokenb=\toks19
)
(D:\Software\MiKTeX\tex/latex/titlesec\titlesec.sty
Package: titlesec 2025/01/04 v2.17 Sectioning titles
\ttl@box=\box53
\beforetitleunit=\skip65
\aftertitleunit=\skip66
\ttl@plus=\dimen160
\ttl@minus=\dimen161
\ttl@toksa=\toks20
\titlewidth=\dimen162
\titlewidthlast=\dimen163
\titlewidthfirst=\dimen164
)
(D:\Software\MiKTeX\tex/latex/chngcntr\chngcntr.sty
Package: chngcntr 2018/04/09 v1.1a change counter resetting
Package chngcntr Info: \counterwithout already defined.
(chngcntr)             Quitting chngcntr on input line 21.
)
(D:\Software\MiKTeX\tex/latex/graphics\graphicx.sty
Package: graphicx 2024/12/31 v1.2e Enhanced LaTeX Graphics (DPC,SPQR)

(D:\Software\MiKTeX\tex/latex/graphics\graphics.sty
Package: graphics 2024/08/06 v1.4g Standard LaTeX Graphics (DPC,SPQR)

(D:\Software\MiKTeX\tex/latex/graphics\trig.sty
Package: trig 2023/12/02 v1.11 sin cos tan (DPC)
)
(D:\Software\MiKTeX\tex/latex/graphics-cfg\graphics.cfg
File: graphics.cfg 2016/06/04 v1.11 sample graphics configuration
)
Package graphics Info: Driver file: xetex.def on input line 106.

(D:\Software\MiKTeX\tex/latex/graphics-def\xetex.def
File: xetex.def 2025/11/01 v5.0p Graphics/color driver for xetex
))
\Gin@req@height=\dimen165
\Gin@req@width=\dimen166
)
(D:\Software\MiKTeX\tex/latex/tools\tabularx.sty
Package: tabularx 2023/12/11 v2.12a `tabularx' package (DPC)

(D:\Software\MiKTeX\tex/latex/tools\array.sty
Package: array 2025/09/25 v2.6n Tabular extension package (FMi)
\col@sep=\dimen167
\ar@mcellbox=\box54
\extrarowheight=\dimen168
\NC@list=\toks21
\extratabsurround=\skip67
\backup@length=\skip68
\ar@cellbox=\box55
)
\TX@col@width=\dimen169
\TX@old@table=\dimen170
\TX@old@col=\dimen171
\TX@target=\dimen172
\TX@delta=\dimen173
\TX@cols=\count299
\TX@ftn=\toks22
)
(D:\Software\MiKTeX\tex/latex/float\float.sty
Package: float 2001/11/08 v1.3d Float enhancements (AL)
\c@float@type=\count300
\float@exts=\toks23
\float@box=\box56
\@float@everytoks=\toks24
\@floatcapt=\box57
)
(D:\Software\MiKTeX\tex/latex/caption\caption.sty
Package: caption 2023/08/05 v3.6o Customizing captions (AR)

(D:\Software\MiKTeX\tex/latex/caption\caption3.sty
Package: caption3 2023/07/31 v2.4d caption3 kernel (AR)
\caption@tempdima=\dimen174
\captionmargin=\dimen175
\caption@leftmargin=\dimen176
\caption@rightmargin=\dimen177
\caption@width=\dimen178
\caption@indent=\dimen179
\caption@parindent=\dimen180
\caption@hangindent=\dimen181
Package caption Info: Standard document class detected.
)
\c@caption@flags=\count301
\c@continuedfloat=\count302
Package caption Info: float package is loaded.
)
(D:\Software\MiKTeX\tex/latex/caption\subcaption.sty
Package: subcaption 2023/07/28 v1.6b Sub-captions (AR)
Package caption Info: New subtype `subfigure' on input line 238.
\c@subfigure=\count303
Package caption Info: New subtype `subtable' on input line 238.
\c@subtable=\count304
)
(D:\Software\MiKTeX\tex/latex/booktabs\booktabs.sty
Package: booktabs 2020/01/12 v1.61803398 Publication quality tables
\heavyrulewidth=\dimen182
\lightrulewidth=\dimen183
\cmidrulewidth=\dimen184
\belowrulesep=\dimen185
\belowbottomsep=\dimen186
\aboverulesep=\dimen187
\abovetopsep=\dimen188
\cmidrulesep=\dimen189
\cmidrulekern=\dimen190
\defaultaddspace=\dimen191
\@cmidla=\count305
\@cmidlb=\count306
\@aboverulesep=\dimen192
\@belowrulesep=\dimen193
\@thisruleclass=\count307
\@lastruleclass=\count308
\@thisrulewidth=\dimen194
)
(D:\Software\MiKTeX\tex/latex/tools\longtable.sty
Package: longtable 2025-10-13 v4.24 Multi-page Table package (DPC)
\LTleft=\skip69
\LTright=\skip70
\LTpre=\skip71
\LTpost=\skip72
\LTchunksize=\count309
\LTcapwidth=\dimen195
\LT@head=\box58
\LT@firsthead=\box59
\LT@foot=\box60
\LT@lastfoot=\box61
\LT@gbox=\box62
\LT@cols=\count310
\LT@rows=\count311
\c@LT@tables=\count312
\c@LT@chunks=\count313
\LT@p@ftn=\toks25
)
(D:\Software\MiKTeX\tex/latex/multirow\multirow.sty
Package: multirow 2024/11/12 v2.9 Span multiple rows of a table
\multirow@colwidth=\skip73
\multirow@cntb=\count314
\multirow@dima=\skip74
\bigstrutjot=\dimen196
)
(D:\Software\MiKTeX\tex/latex/listings\listings.sty
\lst@mode=\count315
\lst@gtempboxa=\box63
\lst@token=\toks26
\lst@length=\count316
\lst@currlwidth=\dimen197
\lst@column=\count317
\lst@pos=\count318
\lst@lostspace=\dimen198
\lst@width=\dimen199
\lst@newlines=\count319
\lst@lineno=\count320
\lst@maxwidth=\dimen256

(D:\Software\MiKTeX\tex/latex/listings\lstpatch.sty
File: lstpatch.sty 2025/11/14 1.11b (Carsten Heinz)
)
(D:\Software\MiKTeX\tex/latex/listings\lstmisc.sty
File: lstmisc.sty 2025/11/14 1.11b (Carsten Heinz)
\c@lstnumber=\count321
\lst@skipnumbers=\count322
\lst@framebox=\box64
)
(D:\Software\MiKTeX\tex/latex/listings\listings.cfg
File: listings.cfg 2025/11/14 1.11b listings configuration
))
Package: listings 2025/11/14 1.11b (Carsten Heinz)

==> First Aid for listings.sty no longer applied!
    Expected:
        2024/09/23 1.10c (Carsten Heinz)
    but found:
        2025/11/14 1.11b (Carsten Heinz)
    so I'm assuming it got fixed.
(D:\Software\MiKTeX\tex/latex/xcolor\xcolor.sty
Package: xcolor 2024/09/29 v3.02 LaTeX color extensions (UK)

(D:\Software\MiKTeX\tex/latex/graphics-cfg\color.cfg
File: color.cfg 2016/01/02 v1.6 sample color configuration
)
Package xcolor Info: Driver file: xetex.def on input line 274.

(D:\Software\MiKTeX\tex/latex/graphics\mathcolor.ltx)
Package xcolor Info: Model `cmy' substituted by `cmy0' on input line 1349.
Package xcolor Info: Model `RGB' extended on input line 1365.
Package xcolor Info: Model `HTML' substituted by `rgb' on input line 1367.
Package xcolor Info: Model `Hsb' substituted by `hsb' on input line 1368.
Package xcolor Info: Model `tHsb' substituted by `hsb' on input line 1369.
Package xcolor Info: Model `HSB' substituted by `hsb' on input line 1370.
Package xcolor Info: Model `Gray' substituted by `gray' on input line 1371.
Package xcolor Info: Model `wave' substituted by `hsb' on input line 1372.
)
(D:\Software\MiKTeX\tex/latex/colortbl\colortbl.sty
Package: colortbl 2026/05/01 v1.0l Color table columns (DPC)
\everycr=\toks27
\minrowclearance=\skip75
\rownum=\count323
)
(D:\Software\MiKTeX\tex/latex/amsmath\amsmath.sty
Package: amsmath 2025/07/09 v2.17z AMS math features
\@mathmargin=\skip76

For additional information on amsmath, use the `?' option.
(D:\Software\MiKTeX\tex/latex/amsmath\amstext.sty
Package: amstext 2024/11/17 v2.01 AMS text

(D:\Software\MiKTeX\tex/latex/amsmath\amsgen.sty
File: amsgen.sty 1999/11/30 v2.0 generic functions
\@emptytoks=\toks28
\ex@=\dimen257
))
(D:\Software\MiKTeX\tex/latex/amsmath\amsbsy.sty
Package: amsbsy 1999/11/29 v1.2d Bold Symbols
\pmbraise@=\dimen258
)
(D:\Software\MiKTeX\tex/latex/amsmath\amsopn.sty
Package: amsopn 2022/04/08 v2.04 operator names
)
\inf@bad=\count324
LaTeX Info: Redefining \frac on input line 233.
\uproot@=\count325
\leftroot@=\count326
LaTeX Info: Redefining \overline on input line 398.
LaTeX Info: Redefining \colon on input line 409.
\classnum@=\count327
\DOTSCASE@=\count328
LaTeX Info: Redefining \ldots on input line 495.
LaTeX Info: Redefining \dots on input line 498.
LaTeX Info: Redefining \cdots on input line 619.
\Mathstrutbox@=\box65
\strutbox@=\box66
LaTeX Info: Redefining \big on input line 721.
LaTeX Info: Redefining \Big on input line 722.
LaTeX Info: Redefining \bigg on input line 723.
LaTeX Info: Redefining \Bigg on input line 724.
\big@size=\dimen259
LaTeX Font Info:    Redeclaring font encoding OML on input line 742.
LaTeX Font Info:    Redeclaring font encoding OMS on input line 743.
\macc@depth=\count329
LaTeX Info: Redefining \bmod on input line 904.
LaTeX Info: Redefining \pmod on input line 909.
LaTeX Info: Redefining \smash on input line 939.
LaTeX Info: Redefining \relbar on input line 969.
LaTeX Info: Redefining \Relbar on input line 970.
\c@MaxMatrixCols=\count330
\dotsspace@=\muskip17
\c@parentequation=\count331
\dspbrk@lvl=\count332
\tag@help=\toks29
\row@=\count333
\column@=\count334
\maxfields@=\count335
\andhelp@=\toks30
\eqnshift@=\dimen260
\alignsep@=\dimen261
\tagshift@=\dimen262
\tagwidth@=\dimen263
\totwidth@=\dimen264
\lineht@=\dimen265
\@envbody=\toks31
\multlinegap=\skip77
\multlinetaggap=\skip78
\mathdisplay@stack=\toks32
LaTeX Info: Redefining \[ on input line 2950.
LaTeX Info: Redefining \] on input line 2951.
)
(D:\Software\MiKTeX\tex/latex/amsfonts\amssymb.sty
Package: amssymb 2013/01/14 v3.01 AMS font symbols

(D:\Software\MiKTeX\tex/latex/amsfonts\amsfonts.sty
Package: amsfonts 2013/01/14 v3.01 Basic AMSFonts support
\symAMSa=\mathgroup4
\symAMSb=\mathgroup5
LaTeX Font Info:    Redeclaring math symbol \hbar on input line 98.
LaTeX Font Info:    Overwriting math alphabet `\mathfrak' in version `bold'
(Font)                  U/euf/m/n --> U/euf/b/n on input line 106.
))
(D:\Software\MiKTeX\tex/latex/hyperref\hyperref.sty
Package: hyperref 2025-07-12 v7.01o Hypertext links for LaTeX

(D:\Software\MiKTeX\tex/latex/kvsetkeys\kvsetkeys.sty
Package: kvsetkeys 2022-10-05 v1.19 Key value parser (HO)
)
(D:\Software\MiKTeX\tex/generic/kvdefinekeys\kvdefinekeys.sty
Package: kvdefinekeys 2019-12-19 v1.6 Define keys (HO)
)
(D:\Software\MiKTeX\tex/generic/pdfescape\pdfescape.sty
Package: pdfescape 2019/12/09 v1.15 Implements pdfTeX's escape features (HO)

(D:\Software\MiKTeX\tex/generic/ltxcmds\ltxcmds.sty
Package: ltxcmds 2023-12-04 v1.26 LaTeX kernel commands for general use (HO)
)
(D:\Software\MiKTeX\tex/generic/pdftexcmds\pdftexcmds.sty
Package: pdftexcmds 2020-06-27 v0.33 Utility functions of pdfTeX for LuaTeX (HO
)

(D:\Software\MiKTeX\tex/generic/infwarerr\infwarerr.sty
Package: infwarerr 2019/12/03 v1.5 Providing info/warning/error messages (HO)
)
Package pdftexcmds Info: \pdf@primitive is available.
Package pdftexcmds Info: \pdf@ifprimitive is available.
Package pdftexcmds Info: \pdfdraftmode not found.
))
(D:\Software\MiKTeX\tex/latex/hycolor\hycolor.sty
Package: hycolor 2020-01-27 v1.10 Color options for hyperref/bookmark (HO)
)
(D:\Software\MiKTeX\tex/latex/hyperref\nameref.sty
Package: nameref 2025-06-21 v2.57 Cross-referencing by name of section

(D:\Software\MiKTeX\tex/latex/refcount\refcount.sty
Package: refcount 2019/12/15 v3.6 Data extraction from label references (HO)
)
(D:\Software\MiKTeX\tex/generic/gettitlestring\gettitlestring.sty
Package: gettitlestring 2019/12/15 v1.6 Cleanup title references (HO)

(D:\Software\MiKTeX\tex/latex/kvoptions\kvoptions.sty
Package: kvoptions 2022-06-15 v3.15 Key value format for package options (HO)
))
\c@section@level=\count336
)
(D:\Software\MiKTeX\tex/generic/stringenc\stringenc.sty
Package: stringenc 2019/11/29 v1.12 Convert strings between diff. encodings (HO
)
)
\@linkdim=\dimen266
\Hy@linkcounter=\count337
\Hy@pagecounter=\count338

(D:\Software\MiKTeX\tex/latex/hyperref\pd1enc.def
File: pd1enc.def 2025-07-12 v7.01o Hyperref: PDFDocEncoding definition (HO)
)
(D:\Software\MiKTeX\tex/generic/intcalc\intcalc.sty
Package: intcalc 2019/12/15 v1.3 Expandable calculations with integers (HO)
)
\Hy@SavedSpaceFactor=\count339

(D:\Software\MiKTeX\tex/latex/hyperref\puenc.def
File: puenc.def 2025-07-12 v7.01o Hyperref: PDF Unicode definition (HO)
)
Package hyperref Info: Option `colorlinks' set `true' on input line 4066.
Package hyperref Info: Option `unicode' set `true' on input line 4066.
Package hyperref Info: Option `unicode' set `true' on input line 4066.
Package hyperref Info: Hyper figures OFF on input line 4195.
Package hyperref Info: Link nesting OFF on input line 4200.
Package hyperref Info: Hyper index ON on input line 4203.
Package hyperref Info: Plain pages OFF on input line 4210.
Package hyperref Info: Backreferencing OFF on input line 4215.
Package hyperref Info: Implicit mode ON; LaTeX internals redefined.
Package hyperref Info: Bookmarks ON on input line 4462.
\c@Hy@tempcnt=\count340

(D:\Software\MiKTeX\tex/latex/url\url.sty
\Urlmuskip=\muskip18
Package: url 2013/09/16  ver 3.4  Verb mode for urls, etc.
)
LaTeX Info: Redefining \url on input line 4801.
\XeTeXLinkMargin=\dimen267

(D:\Software\MiKTeX\tex/generic/bitset\bitset.sty
Package: bitset 2019/12/09 v1.3 Handle bit-vector datatype (HO)

(D:\Software\MiKTeX\tex/generic/bigintcalc\bigintcalc.sty
Package: bigintcalc 2019/12/15 v1.5 Expandable calculations on big integers (HO
)
))
\Fld@menulength=\count341
\Field@Width=\dimen268
\Fld@charsize=\dimen269
Package hyperref Info: Hyper figures OFF on input line 6078.
Package hyperref Info: Link nesting OFF on input line 6083.
Package hyperref Info: Hyper index ON on input line 6086.
Package hyperref Info: backreferencing OFF on input line 6093.
Package hyperref Info: Link coloring ON on input line 6096.
Package hyperref Info: Link coloring with OCG OFF on input line 6103.
Package hyperref Info: PDF/A mode OFF on input line 6108.
\Hy@abspage=\count342
\c@Item=\count343
\c@Hfootnote=\count344
)
Package hyperref Info: Driver (autodetected): hxetex.

(D:\Software\MiKTeX\tex/latex/hyperref\hxetex.def
File: hxetex.def 2025-07-12 v7.01o Hyperref driver for XeTeX
\pdfm@box=\box67
\c@Hy@AnnotLevel=\count345
\HyField@AnnotCount=\count346
\Fld@listcount=\count347
\c@bookmark@seq@number=\count348

(D:\Software\MiKTeX\tex/latex/rerunfilecheck\rerunfilecheck.sty
Package: rerunfilecheck 2025-06-21 v1.11 Rerun checks for auxiliary files (HO)

(D:\Software\MiKTeX\tex/generic/uniquecounter\uniquecounter.sty
Package: uniquecounter 2019/12/15 v1.4 Provide unlimited unique counter (HO)
)
Package uniquecounter Info: New unique counter `rerunfilecheck' on input line 2
84.
)
\Hy@SectionHShift=\skip79
)
(D:\Software\MiKTeX\tex/latex/bookmark\bookmark.sty
Package: bookmark 2026-05-21 v1.32 PDF bookmarks (HO)

(D:\Software\MiKTeX\tex/latex/bookmark\bkm-xetex.def
File: bkm-xetex.def 2026-05-21 v1.32 bookmark driver for xetex (HO)
\BKM@id=\count349
))
(D:\Software\MiKTeX\tex/latex/biblatex\biblatex.sty
Package: biblatex 2025/07/10 v3.21 programmable bibliographies (PK/MW)

(D:\Software\MiKTeX\tex/latex/logreq\logreq.sty
Package: logreq 2010/08/04 v1.0 xml request logger
\lrq@indent=\count350

(D:\Software\MiKTeX\tex/latex/logreq\logreq.def
File: logreq.def 2010/08/04 v1.0 logreq spec v1.0
))
(D:\Software\MiKTeX\tex/latex/base\ifthen.sty
Package: ifthen 2024/03/16 v1.1e Standard LaTeX ifthen package (DPC)
)
\c@tabx@nest=\count351
\c@listtotal=\count352
\c@listcount=\count353
\c@liststart=\count354
\c@liststop=\count355
\c@citecount=\count356
\c@citetotal=\count357
\c@multicitecount=\count358
\c@multicitetotal=\count359
\c@instcount=\count360
\c@maxnames=\count361
\c@minnames=\count362
\c@maxitems=\count363
\c@minitems=\count364
\c@citecounter=\count365
\c@maxcitecounter=\count366
\c@savedcitecounter=\count367
\c@uniquelist=\count368
\c@uniquename=\count369
\c@refsection=\count370
\c@refsegment=\count371
\c@maxextratitle=\count372
\c@maxextratitleyear=\count373
\c@maxextraname=\count374
\c@maxextradate=\count375
\c@maxextraalpha=\count376
\c@abbrvpenalty=\count377
\c@highnamepenalty=\count378
\c@lownamepenalty=\count379
\c@maxparens=\count380
\c@parenlevel=\count381
\blx@tempcnta=\count382
\blx@tempcntb=\count383
\blx@tempcntc=\count384
\c@blx@maxsection=\count385
\blx@maxsegment@0=\count386
\blx@notetype=\count387
\blx@parenlevel@text=\count388
\blx@parenlevel@foot=\count389
\blx@sectionciteorder@0=\count390
\blx@sectionciteorderinternal@0=\count391
\blx@entrysetcounter=\count392
\blx@biblioinstance=\count393
\labelnumberwidth=\skip80
\labelalphawidth=\skip81
\biblabelsep=\skip82
\bibitemsep=\skip83
\bibnamesep=\skip84
\bibinitsep=\skip85
\bibparsep=\skip86
\bibhang=\skip87
\blx@bcfin=\read2
\blx@bcfout=\write3
\blx@langwohyphens=\language79
\c@mincomprange=\count394
\c@maxcomprange=\count395
\c@mincompwidth=\count396
Package biblatex Info: Trying to load biblatex default data model...
Package biblatex Info: ... file 'blx-dm.def' found.

(D:\Software\MiKTeX\tex/latex/biblatex\blx-dm.def
File: blx-dm.def 2025/07/10 v3.21 biblatex datamodel (PK/MW)
)
Package biblatex Info: Trying to load biblatex style data model...
Package biblatex Info: ... file 'numeric.dbx' not found.
Package biblatex Info: Trying to load biblatex custom data model...
Package biblatex Info: ... file 'biblatex-dm.cfg' not found.
\c@afterword=\count397
\c@savedafterword=\count398
\c@annotator=\count399
\c@savedannotator=\count400
\c@author=\count401
\c@savedauthor=\count402
\c@bookauthor=\count403
\c@savedbookauthor=\count404
\c@commentator=\count405
\c@savedcommentator=\count406
\c@editor=\count407
\c@savededitor=\count408
\c@editora=\count409
\c@savededitora=\count410
\c@editorb=\count411
\c@savededitorb=\count412
\c@editorc=\count413
\c@savededitorc=\count414
\c@foreword=\count415
\c@savedforeword=\count416
\c@holder=\count417
\c@savedholder=\count418
\c@introduction=\count419
\c@savedintroduction=\count420
\c@namea=\count421
\c@savednamea=\count422
\c@nameb=\count423
\c@savednameb=\count424
\c@namec=\count425
\c@savednamec=\count426
\c@translator=\count427
\c@savedtranslator=\count428
\c@shortauthor=\count429
\c@savedshortauthor=\count430
\c@shorteditor=\count431
\c@savedshorteditor=\count432
\c@labelname=\count433
\c@savedlabelname=\count434
\c@institution=\count435
\c@savedinstitution=\count436
\c@lista=\count437
\c@savedlista=\count438
\c@listb=\count439
\c@savedlistb=\count440
\c@listc=\count441
\c@savedlistc=\count442
\c@listd=\count443
\c@savedlistd=\count444
\c@liste=\count445
\c@savedliste=\count446
\c@listf=\count447
\c@savedlistf=\count448
\c@location=\count449
\c@savedlocation=\count450
\c@organization=\count451
\c@savedorganization=\count452
\c@origlocation=\count453
\c@savedoriglocation=\count454
\c@origpublisher=\count455
\c@savedorigpublisher=\count456
\c@publisher=\count457
\c@savedpublisher=\count458
\c@language=\count459
\c@savedlanguage=\count460
\c@origlanguage=\count461
\c@savedoriglanguage=\count462
\c@pageref=\count463
\c@savedpageref=\count464
\shorthandwidth=\skip88
\shortjournalwidth=\skip89
\shortserieswidth=\skip90
\shorttitlewidth=\skip91
\shortauthorwidth=\skip92
\shorteditorwidth=\skip93
\locallabelnumberwidth=\skip94
\locallabelalphawidth=\skip95
\localshorthandwidth=\skip96
\localshortjournalwidth=\skip97
\localshortserieswidth=\skip98
\localshorttitlewidth=\skip99
\localshortauthorwidth=\skip100
\localshorteditorwidth=\skip101
Package biblatex Info: Trying to load enhanced support for Unicode engines...
Package biblatex Info: ... file 'blx-unicode.def' found.

(D:\Software\MiKTeX\tex/latex/biblatex\blx-unicode.def)
Package biblatex Info: Trying to load compatibility code...
Package biblatex Info: ... file 'blx-compat.def' found.

(D:\Software\MiKTeX\tex/latex/biblatex\blx-compat.def
File: blx-compat.def 2025/07/10 v3.21 biblatex compatibility (PK/MW)
)
Package biblatex Info: Trying to load generic definitions...
Package biblatex Info: ... file 'biblatex.def' found.

(D:\Software\MiKTeX\tex/latex/biblatex\biblatex.def
File: biblatex.def 2025/07/10 v3.21 biblatex compatibility (PK/MW)
\c@textcitecount=\count465
\c@textcitetotal=\count466
\c@textcitemaxnames=\count467
\c@biburlbigbreakpenalty=\count468
\c@biburlbreakpenalty=\count469
\c@biburlnumpenalty=\count470
\c@biburlucpenalty=\count471
\c@biburllcpenalty=\count472
\biburlbigskip=\muskip19
\biburlnumskip=\muskip20
\biburlucskip=\muskip21
\biburllcskip=\muskip22
\c@smartand=\count473
)
Package biblatex Info: Trying to load bibliography style 'numeric'...
Package biblatex Info: ... file 'numeric.bbx' found.

(D:\Software\MiKTeX\tex/latex/biblatex/bbx\numeric.bbx
File: numeric.bbx 2025/07/10 v3.21 biblatex bibliography style (PK/MW)
Package biblatex Info: Trying to load bibliography style 'standard'...
Package biblatex Info: ... file 'standard.bbx' found.

(D:\Software\MiKTeX\tex/latex/biblatex/bbx\standard.bbx
File: standard.bbx 2025/07/10 v3.21 biblatex bibliography style (PK/MW)
\c@bbx:relatedcount=\count474
\c@bbx:relatedtotal=\count475
))
Package biblatex Info: Trying to load citation style 'numeric'...
Package biblatex Info: ... file 'numeric.cbx' found.

(D:\Software\MiKTeX\tex/latex/biblatex/cbx\numeric.cbx
File: numeric.cbx 2025/07/10 v3.21 biblatex citation style (PK/MW)
Package biblatex Info: Redefining '\cite'.
Package biblatex Info: Redefining '\parencite'.
Package biblatex Info: Redefining '\footcite'.
Package biblatex Info: Redefining '\footcitetext'.
Package biblatex Info: Redefining '\smartcite'.
Package biblatex Info: Redefining '\supercite'.
Package biblatex Info: Redefining '\textcite'.
Package biblatex Info: Redefining '\textcites'.
Package biblatex Info: Redefining '\cites'.
Package biblatex Info: Redefining '\parencites'.
Package biblatex Info: Redefining '\smartcites'.
)
Package biblatex Info: Trying to load configuration file...
Package biblatex Info: ... file 'biblatex.cfg' found.

(D:\Software\MiKTeX\tex/latex/biblatex\biblatex.cfg
File: biblatex.cfg 
)
Package biblatex Info: XeTeX detected.
(biblatex)             Assuming input encoding 'utf8'.
Package biblatex Info: Document encoding is UTF8 ....
Package biblatex Info: ... and expl3
(biblatex)             2025-12-24 L3 programming layer (loader) 
(biblatex)             is new enough (at least 2020/04/06),
(biblatex)             setting 'casechanger=expl3'.

(D:\Software\MiKTeX\tex/latex/biblatex\blx-case-expl3.sty
Package: blx-case-expl3 2025/07/10 v3.21 expl3 case changing code for biblatex
))
(D:\Software\MiKTeX\tex/latex/enumitem\enumitem.sty
Package: enumitem 2025/02/06 v3.11 Customized lists
\labelindent=\skip102
\enit@outerparindent=\dimen270
\enit@toks=\toks33
\enit@inbox=\box68
\enit@count@id=\count476
\enitdp@description=\count477
)
(D:\Software\MiKTeX\tex/latex/microtype\microtype.sty
Package: microtype 2026/03/01 v3.2d Micro-typographical refinements (RS)
\MT@toks=\toks34
\MT@tempbox=\box69
\MT@count=\count478
LaTeX Info: Redefining \noprotrusionifhmode on input line 1084.
LaTeX Info: Redefining \leftprotrusion on input line 1085.
\MT@prot@toks=\toks35
LaTeX Info: Redefining \rightprotrusion on input line 1104.
LaTeX Info: Redefining \textls on input line 1449.
\MT@outer@kern=\dimen271
LaTeX Info: Redefining \microtypecontext on input line 2053.
LaTeX Info: Redefining \textmicrotypecontext on input line 2070.
\MT@listname@count=\count479

(D:\Software\MiKTeX\tex/latex/microtype\microtype-xetex.def
File: microtype-xetex.def 2026/03/01 v3.2d Definitions specific to xetex (RS)
LaTeX Info: Redefining \lsstyle on input line 443.
LaTeX Info: Redefining \lslig on input line 451.
\MT@outer@space=\skip103
)
Package microtype Info: Loading configuration file microtype.cfg.

(D:\Software\MiKTeX\tex/latex/microtype\microtype.cfg
File: microtype.cfg 2026/03/01 v3.2d microtype main configuration file (RS)
)
LaTeX Info: Redefining \microtypesetup on input line 3065.
)
(D:\Software\MiKTeX\tex/latex/tocbibind\tocbibind.sty
Package: tocbibind 2026/06/01 v1.5l extra ToC listings
Package tocbibind Info: The document has chapter divisions on input line 50.


Package tocbibind Note: Using chapter style headings, unless overridden.

) (D:\Software\MiKTeX\tex/latex/tocloft\tocloft.sty
Package: tocloft 2017/08/31 v2.3i parameterised ToC, etc., typesetting
Package tocloft Info: The document has chapter divisions on input line 51.
\cftparskip=\skip104
\cftbeforetoctitleskip=\skip105
\cftaftertoctitleskip=\skip106
\cftbeforepartskip=\skip107
\cftpartnumwidth=\skip108
\cftpartindent=\skip109
\cftbeforechapskip=\skip110
\cftchapindent=\skip111
\cftchapnumwidth=\skip112
\cftbeforesecskip=\skip113
\cftsecindent=\skip114
\cftsecnumwidth=\skip115
\cftbeforesubsecskip=\skip116
\cftsubsecindent=\skip117
\cftsubsecnumwidth=\skip118
\cftbeforesubsubsecskip=\skip119
\cftsubsubsecindent=\skip120
\cftsubsubsecnumwidth=\skip121
\cftbeforeparaskip=\skip122
\cftparaindent=\skip123
\cftparanumwidth=\skip124
\cftbeforesubparaskip=\skip125
\cftsubparaindent=\skip126
\cftsubparanumwidth=\skip127
\cftbeforeloftitleskip=\skip128
\cftafterloftitleskip=\skip129
\cftbeforefigskip=\skip130
\cftfigindent=\skip131
\cftfignumwidth=\skip132
\c@lofdepth=\count480
\c@lotdepth=\count481
\cftbeforelottitleskip=\skip133
\cftafterlottitleskip=\skip134
\cftbeforetabskip=\skip135
\cfttabindent=\skip136
\cfttabnumwidth=\skip137
)
\@quotelevel=\count482
\@quotereset=\count483
 (main.aux)
\openout1 = `main.aux'.

LaTeX Font Info:    Checking defaults for OML/cmm/m/it on input line 133.
LaTeX Font Info:    ... okay on input line 133.
LaTeX Font Info:    Checking defaults for OMS/cmsy/m/n on input line 133.
LaTeX Font Info:    ... okay on input line 133.
LaTeX Font Info:    Checking defaults for OT1/cmr/m/n on input line 133.
LaTeX Font Info:    ... okay on input line 133.
LaTeX Font Info:    Checking defaults for T1/cmr/m/n on input line 133.
LaTeX Font Info:    ... okay on input line 133.
LaTeX Font Info:    Checking defaults for TS1/cmr/m/n on input line 133.
LaTeX Font Info:    ... okay on input line 133.
LaTeX Font Info:    Checking defaults for TU/lmr/m/n on input line 133.
LaTeX Font Info:    ... okay on input line 133.
LaTeX Font Info:    Checking defaults for OMX/cmex/m/n on input line 133.
LaTeX Font Info:    ... okay on input line 133.
LaTeX Font Info:    Checking defaults for U/cmr/m/n on input line 133.
LaTeX Font Info:    ... okay on input line 133.
LaTeX Font Info:    Checking defaults for PD1/pdf/m/n on input line 133.
LaTeX Font Info:    ... okay on input line 133.
LaTeX Font Info:    Checking defaults for PU/pdf/m/n on input line 133.
LaTeX Font Info:    ... okay on input line 133.

Package fontspec Info: 
(fontspec)             Adjusting the maths setup (use [no-math] to avoid
(fontspec)             this).

\symlegacymaths=\mathgroup6
LaTeX Font Info:    Overwriting symbol font `legacymaths' in version `bold'
(Font)                  OT1/cmr/m/n --> OT1/cmr/bx/n on input line 133.
LaTeX Font Info:    Redeclaring math accent \acute on input line 133.
LaTeX Font Info:    Redeclaring math accent \grave on input line 133.
LaTeX Font Info:    Redeclaring math accent \ddot on input line 133.
LaTeX Font Info:    Redeclaring math accent \tilde on input line 133.
LaTeX Font Info:    Redeclaring math accent \bar on input line 133.
LaTeX Font Info:    Redeclaring math accent \breve on input line 133.
LaTeX Font Info:    Redeclaring math accent \check on input line 133.
LaTeX Font Info:    Redeclaring math accent \hat on input line 133.
LaTeX Font Info:    Redeclaring math accent \dot on input line 133.
LaTeX Font Info:    Redeclaring math accent \mathring on input line 133.
LaTeX Font Info:    Redeclaring math symbol \Gamma on input line 133.
LaTeX Font Info:    Redeclaring math symbol \Delta on input line 133.
LaTeX Font Info:    Redeclaring math symbol \Theta on input line 133.
LaTeX Font Info:    Redeclaring math symbol \Lambda on input line 133.
LaTeX Font Info:    Redeclaring math symbol \Xi on input line 133.
LaTeX Font Info:    Redeclaring math symbol \Pi on input line 133.
LaTeX Font Info:    Redeclaring math symbol \Sigma on input line 133.
LaTeX Font Info:    Redeclaring math symbol \Upsilon on input line 133.
LaTeX Font Info:    Redeclaring math symbol \Phi on input line 133.
LaTeX Font Info:    Redeclaring math symbol \Psi on input line 133.
LaTeX Font Info:    Redeclaring math symbol \Omega on input line 133.
LaTeX Font Info:    Redeclaring math symbol \mathdollar on input line 133.
LaTeX Font Info:    Redeclaring symbol font `operators' on input line 133.
LaTeX Font Info:    Encoding `OT1' has changed to `TU' for symbol font
(Font)              `operators' in the math version `normal' on input line 133.

LaTeX Font Info:    Overwriting symbol font `operators' in version `normal'
(Font)                  OT1/cmr/m/n --> TU/TeXGyreTermes(0)/m/n on input line 1
33.
LaTeX Font Info:    Encoding `OT1' has changed to `TU' for symbol font
(Font)              `operators' in the math version `bold' on input line 133.
LaTeX Font Info:    Overwriting symbol font `operators' in version `bold'
(Font)                  OT1/cmr/bx/n --> TU/TeXGyreTermes(0)/m/n on input line 
133.
LaTeX Font Info:    Overwriting symbol font `operators' in version `normal'
(Font)                  TU/TeXGyreTermes(0)/m/n --> TU/TeXGyreTermes(0)/m/n on 
input line 133.
LaTeX Font Info:    Overwriting math alphabet `\mathit' in version `normal'
(Font)                  OT1/cmr/m/it --> TU/TeXGyreTermes(0)/m/it on input line
 133.
LaTeX Font Info:    Overwriting math alphabet `\mathbf' in version `normal'
(Font)                  OT1/cmr/bx/n --> TU/TeXGyreTermes(0)/b/n on input line 
133.
LaTeX Font Info:    Overwriting math alphabet `\mathsf' in version `normal'
(Font)                  OT1/cmss/m/n --> TU/Arial(0)/m/n on input line 133.
LaTeX Font Info:    Overwriting math alphabet `\mathtt' in version `normal'
(Font)                  OT1/cmtt/m/n --> TU/TeXGyreCursor(0)/m/n on input line 
133.
LaTeX Font Info:    Overwriting symbol font `operators' in version `bold'
(Font)                  TU/TeXGyreTermes(0)/m/n --> TU/TeXGyreTermes(0)/b/n on 
input line 133.
LaTeX Font Info:    Overwriting math alphabet `\mathit' in version `bold'
(Font)                  OT1/cmr/bx/it --> TU/TeXGyreTermes(0)/b/it on input lin
e 133.
LaTeX Font Info:    Overwriting math alphabet `\mathsf' in version `bold'
(Font)                  OT1/cmss/bx/n --> TU/Arial(0)/b/n on input line 133.
LaTeX Font Info:    Overwriting math alphabet `\mathtt' in version `bold'
(Font)                  OT1/cmtt/m/n --> TU/TeXGyreCursor(0)/b/n on input line 
133.

*geometry* driver: auto-detecting
*geometry* detected driver: xetex
*geometry* verbose mode - [ preamble ] result:
* driver: xetex
* paper: a4paper
* layout: <same size as paper>
* layoutoffset:(h,v)=(0.0pt,0.0pt)
* modes: 
* h-part:(L,W,R)=(99.58464pt, 441.01773pt, 56.9055pt)
* v-part:(T,H,B)=(85.35826pt, 674.33032pt, 85.35826pt)
* \paperwidth=597.50787pt
* \paperheight=845.04684pt
* \textwidth=441.01773pt
* \textheight=674.33032pt
* \oddsidemargin=27.31465pt
* \evensidemargin=27.31465pt
* \topmargin=-27.91173pt
* \headheight=16.0pt
* \headsep=25.0pt
* \topskip=12.0pt
* \footskip=30.0pt
* \marginparwidth=35.0pt
* \marginparsep=10.0pt
* \columnsep=10.0pt
* \skip\footins=10.8pt plus 4.0pt minus 2.0pt
* \hoffset=0.0pt
* \voffset=0.0pt
* \mag=1000
* \@twocolumnfalse
* \@twosidefalse
* \@mparswitchfalse
* \@reversemarginfalse
* (1in=72.27pt=25.4mm, 1cm=28.453pt)

Package caption Info: Begin \AtBeginDocument code.
Package caption Info: hyperref package is loaded.
Package caption Info: listings package is loaded.
Package caption Info: longtable package is loaded.
(D:\Software\MiKTeX\tex/latex/caption\ltcaption.sty
Package: ltcaption 2021/01/08 v1.4c longtable captions (AR)
)
Package caption Info: End \AtBeginDocument code.
\c@lstlisting=\count484
Package hyperref Info: Link coloring ON on input line 133.
Package biblatex Info: Trying to load language 'vietnamese' -> 'english'...
Package biblatex Info: ... file 'english.lbx' found.

(D:\Software\MiKTeX\tex/latex/biblatex/lbx\english.lbx
File: english.lbx 2025/07/10 v3.21 biblatex localization (PK/MW)
)
Package biblatex Info: XeTeX detected.
(biblatex)             Assuming input encoding 'utf8'.
Package biblatex Info: Automatic encoding selection.
(biblatex)             Assuming data encoding 'utf8'.
\openout3 = `main.bcf'.

Package biblatex Info: Trying to load bibliographic data...
Package biblatex Info: ... file 'main.bbl' found.
 (main.bbl)
Package biblatex Info: Reference section=0 on input line 133.
Package biblatex Info: Reference segment=0 on input line 133.
LaTeX Info: Redefining \microtypecontext on input line 133.
Package microtype Info: Applying patch `item' on input line 133.
Package microtype Info: Applying patch `toc' on input line 133.
Package microtype Info: Applying patch `eqnum' on input line 133.
Package microtype Info: Applying patch `footnote' on input line 133.
Package microtype Info: Applying patch `verbatim' on input line 133.
LaTeX Info: Redefining \microtypesetup on input line 133.
Package microtype Info: Character protrusion enabled (level 2).
Package microtype Info: Using default protrusion set `alltext'.
Package microtype Info: No adjustment of tracking.
Package microtype Info: No adjustment of spacing.
Package microtype Info: No adjustment of kerning.
Package microtype Info: Loading generic protrusion settings for font family
(microtype)             `TeXGyreTermes' (encoding: TU).
(microtype)             For optimal results, create family-specific settings.
(microtype)             See the microtype manual for details.
 (main.toc
LaTeX Font Info:    Trying to load font information for U+msa on input line 2.

(D:\Software\MiKTeX\tex/latex/amsfonts\umsa.fd
File: umsa.fd 2013/01/14 v3.01 AMS symbols A
)
(D:\Software\MiKTeX\tex/latex/microtype\mt-msa.cfg
File: mt-msa.cfg 2006/02/04 v1.1 microtype config. file: AMS symbols (a) (RS)
)
LaTeX Font Info:    Trying to load font information for U+msb on input line 2.

(D:\Software\MiKTeX\tex/latex/amsfonts\umsb.fd
File: umsb.fd 2013/01/14 v3.01 AMS symbols B
)
(D:\Software\MiKTeX\tex/latex/microtype\mt-msb.cfg
File: mt-msb.cfg 2005/06/01 v1.0 microtype config. file: AMS symbols (b) (RS)
)
(D:\Software\MiKTeX\tex/latex/microtype\mt-cmr.cfg
File: mt-cmr.cfg 2013/05/19 v2.2 microtype config. file: Computer Modern Roman 
(RS)
) [1

])
\tf@toc=\write4
\openout4 = `main.toc'.

 [2] (main.lof)
\tf@lof=\write5
\openout5 = `main.lof'.


[3

] (main.lot)
\tf@lot=\write6
\openout6 = `main.lot'.

 [4

] (chapters/01_tong_quan.tex
Chương 1.
[5


] [6]
LaTeX Font Info:    Font shape `TU/TeXGyreCursor(0)/m/n' will be
(Font)              scaled to size 10.79993pt on input line 110.
Package microtype Info: Loading generic protrusion settings for font family
(microtype)             `TeXGyreCursor' (encoding: TU).
(microtype)             For optimal results, create family-specific settings.
(microtype)             See the microtype manual for details.
 [7]
Overfull \hbox (2.95729pt too wide) in paragraph at lines 148--152
\TU/TeXGyreTermes(0)/m/n/12 backend Spring Boot tổ chức tương ứng theo ba tầng 
cổ điển: \TU/TeXGyreTermes(0)/m/it/12 Controller \TU/TeXGyreTermes(0)/m/n/12 – 
\TU/TeXGyreTermes(0)/m/it/12 Service \TU/TeXGyreTermes(0)/m/n/12 – \TU/TeXGyreT
ermes(0)/m/it/12 Repository\TU/TeXGyreTermes(0)/m/n/12 . 
 []


Overfull \hbox (41.63637pt too wide) in paragraph at lines 164--168
\TU/TeXGyreTermes(0)/m/n/12 nguyên nhân hàng đầu của hai loại lỗi kinh điển trê
n Android: \TU/TeXGyreTermes(0)/m/it/12 crash \TU/TeXGyreTermes(0)/m/n/12 (ví d
ụ \TU/TeXGyreCursor(0)/m/n/12 IllegalStateException
 []


Overfull \hbox (2.24129pt too wide) in paragraph at lines 177--182
\TU/TeXGyreTermes(0)/m/it/12 declarative\TU/TeXGyreTermes(0)/m/n/12 : lập trình
 viên khai báo một interface Java với các phương thức được gắn annotation
 []

[8]
Overfull \hbox (70.71625pt too wide) in paragraph at lines 224--229
\TU/TeXGyreTermes(0)/m/n/12 dùng có thể chuyển qua lại nhanh chóng. CineFlow áp
 dụng mô hình \TU/TeXGyreTermes(0)/b/n/12 ViewPager2 + BottomNavigationView\TU/
TeXGyreTermes(0)/m/n/12 :
 []

[9] [10]) (chapters/02_thiet_ke.tex
Overfull \hbox (8.6797pt too wide) in paragraph at lines 298--4
\TU/TeXGyreTermes(0)/m/n/12 giờ; ứng dụng Android lưu token này vào bộ nhớ riên
g và đính kèm vào header \TU/TeXGyreCursor(0)/m/n/12 Authorization
 []

[11]
Chương 2.
File: figures/outputs/usecase_diagram.png Graphic file (type bmp)
<figures/outputs/usecase_diagram.png>
(chapters/02_1_usecases.tex [12

] [13]
Underfull \hbox (badness 2359) in paragraph at lines 72--72
[]|\TU/TeXGyreTermes(0)/m/n/12 Người dùng đặt mật khẩu mới sau khi xác thực qua

 []


Underfull \hbox (badness 10000) in paragraph at lines 72--72
[]|\TU/TeXGyreTermes(0)/m/n/12 1. Client kiểm tra token còn hiệu lực qua \TU/Te
XGyreCursor(0)/m/n/12 GET
 []

[14] [15] [16]
Underfull \hbox (badness 10000) in paragraph at lines 146--146
[]|\TU/TeXGyreTermes(0)/b/n/12 URL không khả dụng\TU/TeXGyreTermes(0)/m/n/12 : 
Player phát ra
 []


Underfull \hbox (badness 10000) in paragraph at lines 146--146
\TU/TeXGyreCursor(0)/m/n/12 Player.Listener.onPlayerError\TU/TeXGyreTermes(0)/m
/n/12 , UI hiển thị lỗi
 []


Underfull \hbox (badness 3884) in paragraph at lines 146--146
[]|$\OMS/cmsy/m/n/12 ^^E$ \TU/TeXGyreTermes(0)/b/n/12 FR_08.1\TU/TeXGyreTermes(
0)/m/n/12 : Player phải giải phóng tài nguyên trong
 []

[17] [18]
Underfull \hbox (badness 10000) in paragraph at lines 203--203
[]|\TU/TeXGyreCursor(0)/m/n/12 AdminDashboardActivity \TU/TeXGyreTermes(0)/m/n/
12 hiển thị các thẻ
 []

[19]
Underfull \hbox (badness 5832) in paragraph at lines 220--220
[]|\TU/TeXGyreTermes(0)/m/n/12 Phim mới được lưu vào CSDL và xuất hiện trong
 []


Underfull \hbox (badness 10000) in paragraph at lines 220--220
[]|\TU/TeXGyreTermes(0)/m/n/12 1. Admin bấm FAB \TU/TeXGyreTermes(0)/m/it/12 Tạ
o mới \TU/TeXGyreTermes(0)/m/n/12 trong
 []

[20] [21]
Underfull \hbox (badness 10000) in paragraph at lines 254--254
\TU/TeXGyreTermes(0)/m/n/12 3. Admin xác nhận; client gọi \TU/TeXGyreCursor(0)/
m/n/12 DELETE
 []

) [22]
Underfull \hbox (badness 1137) in paragraph at lines 89--89
[]|\TU/TeXGyreTermes(0)/m/n/12 Thời gian phản hồi API $\OMS/cmsy/m/n/12 ^^T$
 []


Underfull \hbox (badness 3568) in paragraph at lines 89--89
[]|\TU/TeXGyreTermes(0)/m/n/12 Backend tách Repository –
 []


Underfull \hbox (badness 2197) in paragraph at lines 89--89
\TU/TeXGyreTermes(0)/m/n/12 client tải bất đồng bộ qua
 []


Underfull \hbox (badness 10000) in paragraph at lines 89--89
[]|\TU/TeXGyreTermes(0)/m/n/12 Mô hình dữ liệu thống
 []


Underfull \hbox (badness 1057) in paragraph at lines 89--89
\TU/TeXGyreTermes(0)/m/n/12 nhất quanh \TU/TeXGyreCursor(0)/m/n/12 Film \TU/TeX
GyreTermes(0)/m/n/12 với enum
 []


Underfull \hbox (badness 2846) in paragraph at lines 89--89
\TU/TeXGyreTermes(0)/m/n/12 ánh ngay xuống ứng dụng
 []


Underfull \hbox (badness 10000) in paragraph at lines 89--89
[]|\TU/TeXGyreTermes(0)/m/n/12 Flyway Migrations quản
 []


Underfull \hbox (badness 3780) in paragraph at lines 89--89
\TU/TeXGyreTermes(0)/m/n/12 lý schema theo phiên bản.
 []


Underfull \hbox (badness 3029) in paragraph at lines 89--89
\TU/TeXGyreTermes(0)/m/n/12 Backend đọc/ghi cùng một
 []


Underfull \hbox (badness 4995) in paragraph at lines 89--89
\TU/TeXGyreTermes(0)/m/n/12 PostgreSQL nên không có
 []


Underfull \hbox (badness 1205) in paragraph at lines 89--89
[]|\TU/TeXGyreTermes(0)/m/n/12 Mọi endpoint quản trị phải
 []


Underfull \hbox (badness 2608) in paragraph at lines 89--89
\TU/TeXGyreTermes(0)/m/n/12 xác thực. Mật khẩu không
 []


Underfull \hbox (badness 10000) in paragraph at lines 89--89
[]|\TU/TeXGyreTermes(0)/m/n/12 JWT Bearer Token với
 []


Underfull \hbox (badness 10000) in paragraph at lines 89--89
\TU/TeXGyreTermes(0)/m/n/12 chữ ký HMAC-SHA256,
 []


Underfull \hbox (badness 3492) in paragraph at lines 89--89
\TU/TeXGyreTermes(0)/m/n/12 thời hạn 2 giờ. Mật khẩu
 []


Underfull \hbox (badness 1442) in paragraph at lines 89--89
\TU/TeXGyreTermes(0)/m/n/12 băm bằng BCrypt. Android
 []


Underfull \hbox (badness 10000) in paragraph at lines 89--89
\TU/TeXGyreTermes(0)/m/n/12 client lưu token trong
 []


Underfull \hbox (badness 1400) in paragraph at lines 89--89
[]|\TU/TeXGyreTermes(0)/m/n/12 Ứng dụng phải xử lý được
 []


Underfull \hbox (badness 2119) in paragraph at lines 89--89
\TU/TeXGyreTermes(0)/m/n/12 mà không bị treo (ANR –
 []


Underfull \hbox (badness 10000) in paragraph at lines 89--89
[]|\TU/TeXGyreTermes(0)/m/n/12 Mọi lời gọi mạng dùng
 []


Underfull \hbox (badness 2486) in paragraph at lines 89--89
\TU/TeXGyreTermes(0)/m/n/12 Retrofit \TU/TeXGyreCursor(0)/m/n/12 enqueue \TU/Te
XGyreTermes(0)/m/n/12 bất đồng
 []


Underfull \hbox (badness 1769) in paragraph at lines 89--89
\TU/TeXGyreTermes(0)/m/n/12 bộ trên luồng nền; UI cập
 []


Underfull \hbox (badness 4872) in paragraph at lines 89--89
[]|\TU/TeXGyreTermes(0)/m/n/12 Schema database chỉ được
 []


Underfull \hbox (badness 10000) in paragraph at lines 89--89
\TU/TeXGyreTermes(0)/m/n/12 thay đổi qua migration,
 []


Underfull \hbox (badness 10000) in paragraph at lines 89--89
\TU/TeXGyreTermes(0)/m/n/12 không sửa trực tiếp. Mã
 []


Underfull \hbox (badness 7344) in paragraph at lines 89--89
[]|\TU/TeXGyreTermes(0)/m/n/12 Flyway cho phía backend;
 []


Underfull \hbox (badness 10000) in paragraph at lines 89--89
\TU/TeXGyreCursor(0)/m/n/12 BaseFragment \TU/TeXGyreTermes(0)/m/n/12 chuẩn
 []


Underfull \hbox (badness 10000) in paragraph at lines 89--89
\TU/TeXGyreTermes(0)/m/n/12 hoá lifecycle Android; tất
 []


Underfull \hbox (badness 10000) in paragraph at lines 89--89
\TU/TeXGyreTermes(0)/m/n/12 cả Fragment tuân theo
 []


Underfull \hbox (badness 10000) in paragraph at lines 89--89
\TU/TeXGyreTermes(0)/m/n/12 luồng \TU/TeXGyreCursor(0)/m/n/12 getLayoutId $\OMS
/cmsy/m/n/12 !$
 []

[23]
Overfull \vbox (68.6481pt too high) has occurred while \output is active []


[24]
Overfull \hbox (34.95358pt too wide) in paragraph at lines 124--131
[]\TU/TeXGyreTermes(0)/b/n/12 Film (Aggregate Root): \TU/TeXGyreTermes(0)/m/n/1
2 Lưu trữ thông tin gốc của một phim – bao gồm \TU/TeXGyreCursor(0)/m/n/12 titl
e\TU/TeXGyreTermes(0)/m/n/12 , \TU/TeXGyreCursor(0)/m/n/12 description\TU/TeXGy
reTermes(0)/m/n/12 ,
 []


Overfull \hbox (25.91495pt too wide) in paragraph at lines 124--131
\TU/TeXGyreCursor(0)/m/n/12 thumbnailUrl\TU/TeXGyreTermes(0)/m/n/12 , \TU/TeXGy
reCursor(0)/m/n/12 trailerUrl\TU/TeXGyreTermes(0)/m/n/12 , \TU/TeXGyreCursor(0)
/m/n/12 releaseYear\TU/TeXGyreTermes(0)/m/n/12 , \TU/TeXGyreCursor(0)/m/n/12 is
Premium \TU/TeXGyreTermes(0)/m/n/12 và đặc biệt là \TU/TeXGyreCursor(0)/m/n/12 
type \TU/TeXGyreTermes(0)/m/n/12 (\TU/TeXGyreCursor(0)/m/n/12 FilmType\TU/TeXGy
reTermes(0)/m/n/12 :
 []

[25]
File: figures/outputs/erd_cineflow.png Graphic file (type bmp)
<figures/outputs/erd_cineflow.png>

Overfull \hbox (150.6399pt too wide) in paragraph at lines 165--169
\TU/TeXGyreTermes(0)/m/n/12 Toàn bộ thay đổi schema được mã hoá thành các file 
SQL có đánh số trong thư mục \TU/TeXGyreCursor(0)/m/n/12 src/main/resources/db/
migration/
 []


Overfull \hbox (3.2963pt too wide) in paragraph at lines 170--173
[]\TU/TeXGyreTermes(0)/b/n/12 V2__convert_enums.sql: \TU/TeXGyreTermes(0)/m/n/1
2 Chuyển các kiểu enum gốc của PostgreSQL sang VARCHAR
 []

[26] (chapters/02_2_sequence_diagrams.tex
File: figures/outputs/seq/UC-01.png Graphic file (type bmp)
<figures/outputs/seq/UC-01.png>
File: figures/outputs/seq/UC-02.png Graphic file (type bmp)
<figures/outputs/seq/UC-02.png>
 [27]
File: figures/outputs/seq/UC-03.png Graphic file (type bmp)
<figures/outputs/seq/UC-03.png>
File: figures/outputs/seq/UC-04.png Graphic file (type bmp)
<figures/outputs/seq/UC-04.png>
 [28]
File: figures/outputs/seq/UC-05.png Graphic file (type bmp)
<figures/outputs/seq/UC-05.png>
File: figures/outputs/seq/UC-06.png Graphic file (type bmp)
<figures/outputs/seq/UC-06.png>
 [29]
File: figures/outputs/seq/UC-07.png Graphic file (type bmp)
<figures/outputs/seq/UC-07.png>
File: figures/outputs/seq/UC-08.png Graphic file (type bmp)
<figures/outputs/seq/UC-08.png>
 [30]
File: figures/outputs/seq/UC-09.png Graphic file (type bmp)
<figures/outputs/seq/UC-09.png>
File: figures/outputs/seq/UC-10.png Graphic file (type bmp)
<figures/outputs/seq/UC-10.png>
 [31]
File: figures/outputs/seq/UC-11.png Graphic file (type bmp)
<figures/outputs/seq/UC-11.png>
File: figures/outputs/seq/UC-12.png Graphic file (type bmp)
<figures/outputs/seq/UC-12.png>
 [32]
File: figures/outputs/seq/UC-13.png Graphic file (type bmp)
<figures/outputs/seq/UC-13.png>
File: figures/outputs/seq/UC-14.png Graphic file (type bmp)
<figures/outputs/seq/UC-14.png>

[33]
File: figures/outputs/seq/UC-15.png Graphic file (type bmp)
<figures/outputs/seq/UC-15.png>
)
Overfull \hbox (5.55225pt too wide) in paragraph at lines 200--204
\TU/TeXGyreTermes(0)/m/n/12 nhưng có phân lớp chặt chẽ ở cả hai phía. Việc lựa 
chọn kiến trúc đơn khối thay vì Microservices
 []

[34]
File: figures/outputs/system_arch.png Graphic file (type bmp)
<figures/outputs/system_arch.png>
 [35]
Overfull \hbox (22.17952pt too wide) in paragraph at lines 256--262
\TU/TeXGyreTermes(0)/m/n/12 tầng OkHttp. Trước mỗi request, interceptor đọc JWT
 được lưu trong \TU/TeXGyreCursor(0)/m/n/12 SharedPreferences
 []

[36]
File: figures/outputs/auth_comm.png Graphic file (type bmp)
<figures/outputs/auth_comm.png>

Overfull \hbox (7.20662pt too wide) in paragraph at lines 286--290
\TU/TeXGyreTermes(0)/m/n/12 request tiếp theo, \TU/TeXGyreCursor(0)/m/n/12 Auth
Interceptor \TU/TeXGyreTermes(0)/m/n/12 tự động đính kèm token mà không cần Fra
gment/Activity
 []

File: figures/outputs/play_video_comm.png Graphic file (type bmp)
<figures/outputs/play_video_comm.png>
[37]
Overfull \hbox (68.69084pt too wide) in paragraph at lines 320--327
\TU/TeXGyreTermes(0)/m/n/12 đó, mỗi miền dữ liệu được phơi qua một lớp Reposito
ry riêng (\TU/TeXGyreCursor(0)/m/n/12 HomeRepository\TU/TeXGyreTermes(0)/m/n/12
 , \TU/TeXGyreCursor(0)/m/n/12 AdminFilmRepository\TU/TeXGyreTermes(0)/m/n/12 ,

 []


Overfull \hbox (46.55989pt too wide) in paragraph at lines 337--343
\TU/TeXGyreCursor(0)/m/n/12 RecyclerView \TU/TeXGyreTermes(0)/m/n/12 của Androi
d tuân theo \TU/TeXGyreTermes(0)/b/n/12 Adapter Pattern \TU/TeXGyreTermes(0)/m/
n/12 một cách tự nhiên: \TU/TeXGyreCursor(0)/m/n/12 RecyclerView.Adapter
 []

[38]
Overfull \hbox (22.69193pt too wide) in paragraph at lines 353--359
\TU/TeXGyreCursor(0)/m/n/12 LiveData \TU/TeXGyreTermes(0)/m/n/12 của Android là
 một hiện thực có lifecycle-awareness của \TU/TeXGyreTermes(0)/b/n/12 Observer 
Pattern\TU/TeXGyreTermes(0)/m/n/12 . Repository
 []


Overfull \hbox (23.8732pt too wide) in paragraph at lines 361--367
\TU/TeXGyreCursor(0)/m/n/12 BaseFragment \TU/TeXGyreTermes(0)/m/n/12 định nghĩa
 khung lifecycle chuẩn với ba phương thức trừu tượng \TU/TeXGyreCursor(0)/m/n/1
2 getLayoutId()\TU/TeXGyreTermes(0)/m/n/12 ,
 []

[39]
File: figures/outputs/deployment_arch.png Graphic file (type bmp)
<figures/outputs/deployment_arch.png>
 [40] [41]
Overfull \hbox (126.92004pt too wide) in paragraph at lines 442--444
[]\TU/TeXGyreTermes(0)/m/n/12 Backend chạy trên \TU/TeXGyreCursor(0)/m/n/12 loc
alhost:8080\TU/TeXGyreTermes(0)/m/n/12 , kết nối PostgreSQL qua \TU/TeXGyreCurs
or(0)/m/n/12 jdbc:postgresql://localhost:5432/mydb\TU/TeXGyreTermes(0)/m/n/12 .
 
 []


Overfull \hbox (25.07594pt too wide) in paragraph at lines 460--463
[]\TU/TeXGyreTermes(0)/m/n/12 Cần khai báo \TU/TeXGyreCursor(0)/m/n/12 android:
usesCleartextTraffic="true" \TU/TeXGyreTermes(0)/m/n/12 trong \TU/TeXGyreCursor
(0)/m/n/12 AndroidManifest.xml
 []


Overfull \hbox (2.82416pt too wide) in paragraph at lines 460--463
\TU/TeXGyreTermes(0)/m/n/12 hoặc thiết lập \TU/TeXGyreCursor(0)/m/n/12 network_
security_config.xml \TU/TeXGyreTermes(0)/m/n/12 để Android chấp nhận HTTP plain
text
 []

) (chapters/03_trien_khai.tex [42]
Chương 3.

Overfull \hbox (10.88266pt too wide) in paragraph at lines 47--48
[]\TU/TeXGyreTermes(0)/b/n/12 Cơ sở dữ liệu: \TU/TeXGyreTermes(0)/m/n/12 Kết nố
i PostgreSQL tại \TU/TeXGyreCursor(0)/m/n/12 jdbc:postgresql://localhost:5432/m
ydb\TU/TeXGyreTermes(0)/m/n/12 ,
 []

[43

]
Overfull \hbox (55.97878pt too wide) in paragraph at lines 49--50
[]\TU/TeXGyreTermes(0)/b/n/12 Email: \TU/TeXGyreTermes(0)/m/n/12 Cấu hình SMTP 
qua các biến môi trường \TU/TeXGyreCursor(0)/m/n/12 MAIL_HOST\TU/TeXGyreTermes(
0)/m/n/12 , \TU/TeXGyreCursor(0)/m/n/12 MAIL_USERNAME\TU/TeXGyreTermes(0)/m/n/1
2 , \TU/TeXGyreCursor(0)/m/n/12 MAIL_PASSWORD\TU/TeXGyreTermes(0)/m/n/12 ,
 []


Overfull \hbox (0.12029pt too wide) in paragraph at lines 50--51
\TU/TeXGyreTermes(0)/m/n/12 tầng Spring Security; việc kiểm tra vai trò Admin đ
ược thực hiện ở tầng logic/annotation
 []

[44]
Overfull \hbox (15.6844pt too wide) in paragraph at lines 118--119
[][]\TU/TeXGyreTermes(0)/m/it/12 [Ảnh cần bổ sung: demo_forgot_password.png – c
hụp màn hình ForgotPasswordActivity][] 
 []


Overfull \hbox (27.92088pt too wide) in paragraph at lines 126--127
[]\TU/TeXGyreTermes(0)/b/n/12 Trang chủ (UC-06): \TU/TeXGyreCursor(0)/m/n/12 GE
T /films/home \TU/TeXGyreTermes(0)/m/n/12 trả về 5 khu vực nội dung (\TU/TeXGyr
eCursor(0)/m/n/12 banners\TU/TeXGyreTermes(0)/m/n/12 , \TU/TeXGyreCursor(0)/m/n
/12 newReleases\TU/TeXGyreTermes(0)/m/n/12 ,
 []

[45]
Overfull \hbox (44.58441pt too wide) in paragraph at lines 147--148
[][]\TU/TeXGyreTermes(0)/m/it/12 [Ảnh cần bổ sung: demo_film_detail.png – chụp 
màn hình FilmDetailActivity và PlayerActivity][] 
 []


Overfull \hbox (18.0844pt too wide) in paragraph at lines 163--164
[][]\TU/TeXGyreTermes(0)/m/it/12 [Ảnh cần bổ sung: demo_premier_league.png – ch
ụp màn hình PremierLeagueFragment][] 
 []


Overfull \hbox (84.71436pt too wide) in paragraph at lines 168--169
\TU/TeXGyreTermes(0)/m/n/12 Phân hệ quản trị được hiện thực dưới dạng các Activ
ity riêng, chỉ hiển thị lối vào khi \TU/TeXGyreCursor(0)/m/n/12 AuthManager.isA
dmin()
 []

[46]
Overfull \hbox (30.1084pt too wide) in paragraph at lines 184--185
[][]\TU/TeXGyreTermes(0)/m/it/12 [Ảnh cần bổ sung: demo_admin_dashboard.png – c
hụp màn hình AdminDashboardActivity][] 
 []


Underfull \hbox (badness 4378) in paragraph at lines 233--233
[]|\TU/TeXGyreTermes(0)/b/n/12 Thời gian phản hồi trung
 []

[47] [48]
Overfull \hbox (45.02454pt too wide) in paragraph at lines 261--262
[]\TU/TeXGyreTermes(0)/b/n/12 Lưu trữ phiên phía client: \TU/TeXGyreTermes(0)/m
/n/12 Token và thông tin người dùng được lưu trong \TU/TeXGyreCursor(0)/m/n/12 
SharedPreferences
 []

) (chapters/04_ket_luan.tex [49]
Chương 4.

Underfull \hbox (badness 2197) in paragraph at lines 26--26
[]|\TU/TeXGyreTermes(0)/m/n/12 Backend tổ chức rõ rệt ba tầng Controller–
 []


Underfull \hbox (badness 10000) in paragraph at lines 26--26
[]|\TU/TeXGyreTermes(0)/m/n/12 Triển khai đầy đủ CRUD phim/danh
 []


Underfull \hbox (badness 10000) in paragraph at lines 26--26
\TU/TeXGyreTermes(0)/m/n/12 mục qua \TU/TeXGyreCursor(0)/m/n/12 AdminDashboardA
ctivity\TU/TeXGyreTermes(0)/m/n/12 ,
 []


Underfull \hbox (badness 10000) in paragraph at lines 26--26
\TU/TeXGyreCursor(0)/m/n/12 AdminFilmListActivity \TU/TeXGyreTermes(0)/m/n/12 v
à
 []

[50

]
Overfull \hbox (27.33145pt too wide) in paragraph at lines 34--35
\TU/TeXGyreTermes(0)/m/n/12 (\TU/TeXGyreCursor(0)/m/n/12 ApiClient\TU/TeXGyreTe
rmes(0)/m/n/12 , \TU/TeXGyreCursor(0)/m/n/12 AuthManager\TU/TeXGyreTermes(0)/m/
n/12 ), \TU/TeXGyreTermes(0)/b/n/12 Interceptor \TU/TeXGyreTermes(0)/m/n/12 (\T
U/TeXGyreCursor(0)/m/n/12 AuthInterceptor\TU/TeXGyreTermes(0)/m/n/12 ), \TU/TeX
GyreTermes(0)/b/n/12 Observer \TU/TeXGyreTermes(0)/m/n/12 qua \TU/TeXGyreCursor
(0)/m/n/12 LiveData
 []


Overfull \hbox (1.78075pt too wide) in paragraph at lines 49--50
[]\TU/TeXGyreTermes(0)/b/n/12 Tính năng nghiệp vụ chưa hoàn thiện: \TU/TeXGyreT
ermes(0)/m/n/12 Hai tab \TU/TeXGyreTermes(0)/m/it/12 Series \TU/TeXGyreTermes(0
)/m/n/12 và \TU/TeXGyreTermes(0)/m/it/12 Movies \TU/TeXGyreTermes(0)/m/n/12 tro
ng \TU/TeXGyreCursor(0)/m/n/12 MainActivity
 []


Overfull \hbox (55.0349pt too wide) in paragraph at lines 49--50
\TU/TeXGyreTermes(0)/m/n/12 Các bảng nghiệp vụ \TU/TeXGyreCursor(0)/m/n/12 Favo
rite\TU/TeXGyreTermes(0)/m/n/12 , \TU/TeXGyreCursor(0)/m/n/12 WatchHistory\TU/T
eXGyreTermes(0)/m/n/12 , \TU/TeXGyreCursor(0)/m/n/12 UserSubscription\TU/TeXGyr
eTermes(0)/m/n/12 , \TU/TeXGyreCursor(0)/m/n/12 SubscriptionPackage
 []

[51]
Overfull \hbox (18.55228pt too wide) in paragraph at lines 59--60
[]\TU/TeXGyreTermes(0)/b/n/12 Hoàn thiện cấu hình Spring Security: \TU/TeXGyreT
ermes(0)/m/n/12 Thay \TU/TeXGyreCursor(0)/m/n/12 permitAll() \TU/TeXGyreTermes(
0)/m/n/12 bằng các rule \TU/TeXGyreCursor(0)/m/n/12 HttpSecurity
 []


Overfull \hbox (5.07738pt too wide) in paragraph at lines 62--63
[]\TU/TeXGyreTermes(0)/b/n/12 Tính năng Yêu thích và Resume Watching: \TU/TeXGy
reTermes(0)/m/n/12 Phơi các bảng \TU/TeXGyreCursor(0)/m/n/12 Favorite\TU/TeXGyr
eTermes(0)/m/n/12 , \TU/TeXGyreCursor(0)/m/n/12 WatchHistory
 []


Overfull \hbox (73.65114pt too wide) in paragraph at lines 69--70
\TU/TeXGyreTermes(0)/m/n/12 hành sau Nginx reverse proxy với chứng chỉ Let’s En
crypt; cập nhật \TU/TeXGyreCursor(0)/m/n/12 network_security_config.xml
 []

[52]) [53]
Overfull \hbox (15.27011pt too wide) in paragraph at lines 157--157
[]\TU/TeXGyreTermes(0)/m/n/12 Craig Walls. \TU/TeXGyreTermes(0)/m/it/12 Spring 
in Action\TU/TeXGyreTermes(0)/m/n/12 . 6th ed. Manning Publications, 2022. \TU/
TeXGyreTermes(0)/m/sc/12 isbn\TU/TeXGyreTermes(0)/m/n/12 : 978-1617297571. 
 []


Overfull \hbox (31.60623pt too wide) in paragraph at lines 157--157
[]\TU/TeXGyreTermes(0)/m/n/12 Martin Fowler. \TU/TeXGyreTermes(0)/m/it/12 Patte
rns of Enterprise Application Architecture\TU/TeXGyreTermes(0)/m/n/12 . Addison
-Wesley Professional,
 []


Overfull \hbox (18.35191pt too wide) in paragraph at lines 157--157
[]\TU/TeXGyreTermes(0)/m/n/12 Google. \TU/TeXGyreTermes(0)/m/it/12 Media3 ExoPl
ayer Documentation\TU/TeXGyreTermes(0)/m/n/12 . 2024. \TU/TeXGyreTermes(0)/m/sc
/12 url\TU/TeXGyreTermes(0)/m/n/12 : [][]$[][][][][] [] [] [] [][][][][][][][][
] [] [][][][][][][] []
 []

[54

]
Overfull \hbox (50.26396pt too wide) in paragraph at lines 157--157
[]\TU/TeXGyreTermes(0)/m/n/12 OWASP Foundation. \TU/TeXGyreTermes(0)/m/it/12 Pa
ssword Storage Cheat Sheet\TU/TeXGyreTermes(0)/m/n/12 . 2024. \TU/TeXGyreTermes
(0)/m/sc/12 url\TU/TeXGyreTermes(0)/m/n/12 : [][]$[][][][][] [] [] [] [][][][][
][][][][][][][][][][][] []
 []

(appendix/phan_cong_cong_viec.tex [55]
Phụ lục A.

Underfull \hbox (badness 10000) in paragraph at lines 23--23
[]|[]\TU/TeXGyreTermes(0)/m/it/12 [Họ tên 1 (Nhóm
 []


Underfull \hbox (badness 10000) in paragraph at lines 24--28
\TU/TeXGyreTermes(0)/m/n/12 • Backend: \TU/TeXGyreCursor(0)/m/n/12 AuthControll
er\TU/TeXGyreTermes(0)/m/n/12 ,
 []


Underfull \hbox (badness 1789) in paragraph at lines 24--28
\TU/TeXGyreCursor(0)/m/n/12 AuthService\TU/TeXGyreTermes(0)/m/n/12 , \TU/TeXGyr
eCursor(0)/m/n/12 SecurityConfig\TU/TeXGyreTermes(0)/m/n/12 , JWT,
 []


Underfull \hbox (badness 10000) in paragraph at lines 32--35
[]|\TU/TeXGyreTermes(0)/m/n/12 • Backend: \TU/TeXGyreCursor(0)/m/n/12 FilmContr
oller\TU/TeXGyreTermes(0)/m/n/12 ,
 []


Underfull \hbox (badness 10000) in paragraph at lines 32--35
\TU/TeXGyreCursor(0)/m/n/12 FilmService\TU/TeXGyreTermes(0)/m/n/12 , \TU/TeXGyr
eCursor(0)/m/n/12 CategoryService\TU/TeXGyreTermes(0)/m/n/12 ,
 []


Underfull \hbox (badness 10000) in paragraph at lines 32--35
\TU/TeXGyreTermes(0)/m/n/12 • Thiết kế DTO, \TU/TeXGyreCursor(0)/m/n/12 ApiResp
onse<T>\TU/TeXGyreTermes(0)/m/n/12 ,
 []


Underfull \hbox (badness 3803) in paragraph at lines 32--35
\TU/TeXGyreTermes(0)/m/n/12 • Kiểm thử API bằng Postman, viết
 []


Underfull \hbox (badness 10000) in paragraph at lines 39--42
[]|\TU/TeXGyreTermes(0)/m/n/12 • Android: \TU/TeXGyreCursor(0)/m/n/12 MainActiv
ity\TU/TeXGyreTermes(0)/m/n/12 ,
 []


Underfull \hbox (badness 10000) in paragraph at lines 39--42
\TU/TeXGyreCursor(0)/m/n/12 HomeFragment\TU/TeXGyreTermes(0)/m/n/12 , \TU/TeXGy
reCursor(0)/m/n/12 ShortsFragment\TU/TeXGyreTermes(0)/m/n/12 ,
 []


Underfull \hbox (badness 10000) in paragraph at lines 39--42
\TU/TeXGyreCursor(0)/m/n/12 PremierLeagueFragment\TU/TeXGyreTermes(0)/m/n/12 ,
 []


Underfull \hbox (badness 10000) in paragraph at lines 39--42
\TU/TeXGyreTermes(0)/m/n/12 • Tầng dữ liệu Android:
 []


Underfull \hbox (badness 10000) in paragraph at lines 39--42
\TU/TeXGyreCursor(0)/m/n/12 ApiClient\TU/TeXGyreTermes(0)/m/n/12 , \TU/TeXGyreC
ursor(0)/m/n/12 HomeRepository\TU/TeXGyreTermes(0)/m/n/12 ,
 []


Underfull \hbox (badness 10000) in paragraph at lines 39--42
\TU/TeXGyreCursor(0)/m/n/12 PremierLeagueRepository\TU/TeXGyreTermes(0)/m/n/12 
,
 []


Underfull \hbox (badness 1910) in paragraph at lines 39--42
\TU/TeXGyreTermes(0)/m/n/12 • Thiết kế bộ màu (\TU/TeXGyreCursor(0)/m/n/12 colo
rs.xml\TU/TeXGyreTermes(0)/m/n/12 ) và
 []


Underfull \hbox (badness 10000) in paragraph at lines 46--50
[]|\TU/TeXGyreTermes(0)/m/n/12 • Android: luồng xác thực
 []


Underfull \hbox (badness 10000) in paragraph at lines 46--50
\TU/TeXGyreCursor(0)/m/n/12 ForgotPasswordActivity\TU/TeXGyreTermes(0)/m/n/12 )
,
 []


Underfull \hbox (badness 10000) in paragraph at lines 46--50
\TU/TeXGyreTermes(0)/m/n/12 • Phân hệ Admin:
 []


Underfull \hbox (badness 10000) in paragraph at lines 46--50
\TU/TeXGyreCursor(0)/m/n/12 AdminDashboardActivity\TU/TeXGyreTermes(0)/m/n/12 ,

 []


Underfull \hbox (badness 10000) in paragraph at lines 46--50
\TU/TeXGyreCursor(0)/m/n/12 AdminFilmListActivity\TU/TeXGyreTermes(0)/m/n/12 ,
 []


Underfull \hbox (badness 10000) in paragraph at lines 46--50
\TU/TeXGyreCursor(0)/m/n/12 FilmFormDialogFragment\TU/TeXGyreTermes(0)/m/n/12 ,

 []


Underfull \hbox (badness 10000) in paragraph at lines 46--50
\TU/TeXGyreTermes(0)/m/n/12 • Tích hợp ExoPlayer trong
 []


Underfull \hbox (badness 10000) in paragraph at lines 46--50
\TU/TeXGyreCursor(0)/m/n/12 FilmDetailActivity\TU/TeXGyreTermes(0)/m/n/12 ,
 []

ignored error: Infinite glue shrinkage found in box being split [56

]) [57]
(main.aux)
 ***********
LaTeX2e <2025-11-01>
L3 programming layer <2025-12-24>
 ***********
Package logreq Info: Writing requests to 'main.run.xml'.
\openout1 = `main.run.xml'.

 ) 
Here is how much of TeX's memory you used:
 27582 strings out of 402987
 525027 string characters out of 5453906
 1460229 words of memory out of 5000000
 55929 multiletter control sequences out of 15000+600000
 633110 words of font info for 107 fonts, out of 8000000 for 9000
 1348 hyphenation exceptions out of 8191
 73i,13n,94p,1199b,5044s stack positions out of 10000i,1000n,20000p,200000b,200000s

Output written on main.xdv (57 pages, 824248 bytes).
